info it worked if it ends with ok
verbose cli [ 'node', '/usr/local/bin/npm', 'publish' ]
info using npm@1.1.12
info using node@v0.6.14
verbose config file /home/balistef/.npmrc
verbose config file /usr/local/etc/npmrc
verbose config file /usr/local/lib/node_modules/npm/npmrc
verbose publish [ '.' ]
verbose caching /var/www/NDDB/package.json
verbose loadDefaults NDDB@0.3.6
info prepublish NDDB@0.3.6
verbose cache add [ '.', null ]
silly cache add: name, spec, args [ undefined, '.', [ '.', null ] ]
verbose parsed url { pathname: '.', path: '.', href: '.' }
verbose caching package.json
verbose loadDefaults NDDB@0.3.6
verbose pack /var/www/NDDB
verbose pack /var/www/NDDB /tmp/npm-1352371538068/1352371538068-0.7136113417800516/tmp.tgz
silly makeList /var/www/NDDB
verbose doing fancy crap /var/www/NDDB/node_modules
silly dir, dirLen [ '/var/www/NDDB', 14 ]
verbose tarball /tmp/npm-1352371538068/1352371538068-0.7136113417800516/tmp.tgz
verbose parent /var/www/NDDB
verbose mkdir (expected) error ENOENT, stat '/tmp/npm-1352371538068/1352371538068-0.7136113417800516/package'
verbose mkdir done: /tmp/npm-1352371538068/1352371538068-0.7136113417800516/package 755
verbose unpack_ uid, gid [ undefined, undefined ]
verbose unpackTarget /tmp/npm-1352371538068/1352371538068-0.7136113417800516/package
silly gunzTarPerm modes [ '755', '644' ]
verbose gunzed /tmp/npm-1352371538068/1352371538068-0.7136113417800516/package
verbose caching /tmp/npm-1352371538068/1352371538068-0.7136113417800516/package/package.json
verbose loadDefaults NDDB@0.3.6
verbose tarball contents [ 'package', 'tmp.tgz' ]
verbose from cache /tmp/npm-1352371538068/1352371538068-0.7136113417800516/package/package.json
verbose pack /tmp/npm-1352371538068/1352371538068-0.7136113417800516/package
verbose pack /tmp/npm-1352371538068/1352371538068-0.7136113417800516/package /home/balistef/.npm/NDDB/0.3.6/package.tgz
silly makeList /tmp/npm-1352371538068/1352371538068-0.7136113417800516/package
silly dir, dirLen [ '/tmp/npm-1352371538068/1352371538068-0.7136113417800516/package',
silly dir, dirLen   64 ]
verbose tarball /home/balistef/.npm/NDDB/0.3.6/package.tgz
verbose parent /tmp/npm-1352371538068/1352371538068-0.7136113417800516/package
verbose mkdir (expected) error ENOENT, stat '/home/balistef/.npm/NDDB/0.3.6/package'
verbose mkdir done: /home/balistef/.npm/NDDB/0.3.6/package 755
verbose unpack_ uid, gid [ undefined, undefined ]
verbose unpackTarget /home/balistef/.npm/NDDB/0.3.6/package
silly gunzTarPerm modes [ '755', '644' ]
verbose gunzed /home/balistef/.npm/NDDB/0.3.6/package
verbose caching /home/balistef/.npm/NDDB/0.3.6/package/package.json
verbose loadDefaults NDDB@0.3.6
silly updated sha bytes 28584
info shasum d92b9e4ee53471041ffa4e1ff4e3562d30a15220
info shasum /home/balistef/.npm/NDDB/0.3.6/package.tgz
verbose from cache /home/balistef/.npm/NDDB/0.3.6/package/package.json
verbose chmod /home/balistef/.npm/NDDB/0.3.6/package.tgz 644
verbose chown [ '/home/balistef/.npm/NDDB/0.3.6/package.tgz', 1000, 1000 ]
silly publish { name: 'NDDB',
silly publish   description: 'Javascript lightweight N-dimensional database',
silly publish   version: '0.3.6',
silly publish   keywords: [ 'db', 'no-sql', 'cyclic objects', 'nddb', 'database' ],
silly publish   author: { name: 'Stefano Balietti', email: 'futur.dorko@gmail.com' },
silly publish   licenses: [ { type: 'MIT' } ],
silly publish   dependencies: 
silly publish    { 'es5-shim': '1.2.10',
silly publish      docker: '>= 0.1.3',
silly publish      'shelf.js': '>= 0.3.2',
silly publish      commander: '1.0.0',
silly publish      smoosh: '0.3.2',
silly publish      JSUS: '>= 0.5.1' },
silly publish   devDependencies: { mocha: '>= 0.3.0', should: '>= 0.5.1' },
silly publish   engines: { node: '>=0.2.3' },
silly publish   main: 'nddb.js',
silly publish   repository: { type: 'git', url: 'git://github.com/nodeGame/NDDB.git' },
silly publish   scripts: 
silly publish    { test: 'make test',
silly publish      postinstall: 'node bin/make.js multibuild' },
silly publish   _npmUser: { name: 'shakty', email: 'futur.dorko@gmail.com' },
silly publish   _id: 'NDDB@0.3.6',
silly publish   optionalDependencies: {},
silly publish   _engineSupported: true,
silly publish   _npmVersion: '1.1.12',
silly publish   _nodeVersion: 'v0.6.14',
silly publish   _defaultsLoaded: true,
silly publish   dist: 
silly publish    { shasum: 'd92b9e4ee53471041ffa4e1ff4e3562d30a15220',
silly publish      tarball: 'http://registry.npmjs.org/NDDB/-/NDDB-0.3.6.tgz' } }
verbose raw, before any munging NDDB
verbose url resolving [ 'https://registry.npmjs.org/', './NDDB' ]
verbose url resolved https://registry.npmjs.org/NDDB
http PUT https://registry.npmjs.org/NDDB
http 409 https://registry.npmjs.org/NDDB
verbose raw, before any munging NDDB
verbose url resolving [ 'https://registry.npmjs.org/', './NDDB' ]
verbose url resolved https://registry.npmjs.org/NDDB
http GET https://registry.npmjs.org/NDDB
http 200 https://registry.npmjs.org/NDDB
info Already published NDDB@0.3.6
verbose uploading bin dists []
ERR! publish fail Cannot publish over existing version.
ERR! publish fail Bump the 'version' field, set the --force flag, or
ERR! publish fail     npm unpublish 'NDDB@0.3.6'
ERR! publish fail and try again
ERR! 
ERR! System Linux 2.6.31-22-generic
ERR! command "node" "/usr/local/bin/npm" "publish"
ERR! cwd /var/www/NDDB
ERR! node -v v0.6.14
ERR! npm -v 1.1.12
ERR! code EPUBLISHCONFLICT
ERR! message publish fail
ERR! errno {}
verbose exit [ 1, true ]
